
*** Running vivado
    with args -log main.vds -m64 -product Vivado -mode batch -messageDb vivado.pb -notrace -source main.tcl



****** Vivado v2021.1 (64-bit)
  **** SW Build 3247384 on Thu Jun 10 19:36:33 MDT 2021
  **** IP Build 3246043 on Fri Jun 11 00:30:35 MDT 2021
    ** Copyright 1986-2021 Xilinx, Inc. All Rights Reserved.

source main.tcl -notrace
Command: synth_design -top main -part xc7a100tcsg324-1
Starting synth_design
Attempting to get a license for feature 'Synthesis' and/or device 'xc7a100t'
INFO: [Common 17-349] Got license for feature 'Synthesis' and/or device 'xc7a100t'
INFO: [Device 21-403] Loading part xc7a100tcsg324-1
INFO: [Synth 8-7079] Multithreading enabled for synth_design using a maximum of 2 processes.
INFO: [Synth 8-7078] Launching helper process for spawning children vivado processes
INFO: [Synth 8-7075] Helper process launched with PID 7468
WARNING: [Synth 8-2507] parameter declaration becomes local in rotator with formal parameter declaration list [C:/Users/jordan_cook2/lucky_charm/lucky_charm.srcs/sources_1/new/rotator.sv:12]
WARNING: [Synth 8-2507] parameter declaration becomes local in rotator with formal parameter declaration list [C:/Users/jordan_cook2/lucky_charm/lucky_charm.srcs/sources_1/new/rotator.sv:13]
WARNING: [Synth 8-2507] parameter declaration becomes local in rotator with formal parameter declaration list [C:/Users/jordan_cook2/lucky_charm/lucky_charm.srcs/sources_1/new/rotator.sv:14]
---------------------------------------------------------------------------------
Starting RTL Elaboration : Time (s): cpu = 00:00:03 ; elapsed = 00:00:04 . Memory (MB): peak = 1329.273 ; gain = 0.000
---------------------------------------------------------------------------------
INFO: [Synth 8-6157] synthesizing module 'main' [C:/Users/jordan_cook2/lucky_charm/lucky_charm.srcs/sources_1/new/main.sv:3]
INFO: [Synth 8-6157] synthesizing module 'rotator' [C:/Users/jordan_cook2/lucky_charm/lucky_charm.srcs/sources_1/new/rotator.sv:3]
INFO: [Synth 8-6157] synthesizing module 'counter' [C:/Users/jordan_cook2/lucky_charm/lucky_charm.srcs/sources_1/new/counter.sv:3]
	Parameter N bound to: 25 - type: integer 
	Parameter M bound to: 3 - type: integer 
INFO: [Synth 8-6155] done synthesizing module 'counter' (1#1) [C:/Users/jordan_cook2/lucky_charm/lucky_charm.srcs/sources_1/new/counter.sv:3]
INFO: [Synth 8-6155] done synthesizing module 'rotator' (2#1) [C:/Users/jordan_cook2/lucky_charm/lucky_charm.srcs/sources_1/new/rotator.sv:3]
INFO: [Synth 8-6157] synthesizing module 'sseg_driver' [C:/Users/jordan_cook2/lucky_charm/lucky_charm.srcs/sources_1/new/sseg_driver.sv:3]
INFO: [Synth 8-6157] synthesizing module 'counter__parameterized0' [C:/Users/jordan_cook2/lucky_charm/lucky_charm.srcs/sources_1/new/counter.sv:3]
	Parameter N bound to: 18 - type: integer 
	Parameter M bound to: 2 - type: integer 
INFO: [Synth 8-6155] done synthesizing module 'counter__parameterized0' (2#1) [C:/Users/jordan_cook2/lucky_charm/lucky_charm.srcs/sources_1/new/counter.sv:3]
CRITICAL WARNING: [Synth 8-6859] multi-driven net on pin C:/Users/jordan_cook2/lucky_charm/lucky_charm.srcs/sources_1/new/sseg_driver.sv-3.7 with 1st driver pin 'VCC' [C:/Users/jordan_cook2/lucky_charm/lucky_charm.srcs/sources_1/new/sseg_driver.sv:3]
CRITICAL WARNING: [Synth 8-6859] multi-driven net on pin C:/Users/jordan_cook2/lucky_charm/lucky_charm.srcs/sources_1/new/sseg_driver.sv-3.7 with 2nd driver pin 'GND' [C:/Users/jordan_cook2/lucky_charm/lucky_charm.srcs/sources_1/new/sseg_driver.sv:3]
CRITICAL WARNING: [Synth 8-6858] multi-driven net C:/Users/jordan_cook2/lucky_charm/lucky_charm.srcs/sources_1/new/sseg_driver.sv-3.7 is connected to at least one constant driver which has been preserved, other driver is ignored [C:/Users/jordan_cook2/lucky_charm/lucky_charm.srcs/sources_1/new/sseg_driver.sv:3]
CRITICAL WARNING: [Synth 8-6859] multi-driven net on pin C:/Users/jordan_cook2/lucky_charm/lucky_charm.srcs/sources_1/new/sseg_driver.sv-3.7 with 1st driver pin 'VCC' [C:/Users/jordan_cook2/lucky_charm/lucky_charm.srcs/sources_1/new/sseg_driver.sv:3]
CRITICAL WARNING: [Synth 8-6859] multi-driven net on pin C:/Users/jordan_cook2/lucky_charm/lucky_charm.srcs/sources_1/new/sseg_driver.sv-3.7 with 2nd driver pin 'GND' [C:/Users/jordan_cook2/lucky_charm/lucky_charm.srcs/sources_1/new/sseg_driver.sv:3]
CRITICAL WARNING: [Synth 8-6858] multi-driven net C:/Users/jordan_cook2/lucky_charm/lucky_charm.srcs/sources_1/new/sseg_driver.sv-3.7 is connected to at least one constant driver which has been preserved, other driver is ignored [C:/Users/jordan_cook2/lucky_charm/lucky_charm.srcs/sources_1/new/sseg_driver.sv:3]
CRITICAL WARNING: [Synth 8-6859] multi-driven net on pin C:/Users/jordan_cook2/lucky_charm/lucky_charm.srcs/sources_1/new/sseg_driver.sv-3.7 with 1st driver pin 'VCC' [C:/Users/jordan_cook2/lucky_charm/lucky_charm.srcs/sources_1/new/sseg_driver.sv:3]
CRITICAL WARNING: [Synth 8-6859] multi-driven net on pin C:/Users/jordan_cook2/lucky_charm/lucky_charm.srcs/sources_1/new/sseg_driver.sv-3.7 with 2nd driver pin 'GND' [C:/Users/jordan_cook2/lucky_charm/lucky_charm.srcs/sources_1/new/sseg_driver.sv:3]
CRITICAL WARNING: [Synth 8-6858] multi-driven net C:/Users/jordan_cook2/lucky_charm/lucky_charm.srcs/sources_1/new/sseg_driver.sv-3.7 is connected to at least one constant driver which has been preserved, other driver is ignored [C:/Users/jordan_cook2/lucky_charm/lucky_charm.srcs/sources_1/new/sseg_driver.sv:3]
CRITICAL WARNING: [Synth 8-6859] multi-driven net on pin C:/Users/jordan_cook2/lucky_charm/lucky_charm.srcs/sources_1/new/sseg_driver.sv-3.7 with 1st driver pin 'VCC' [C:/Users/jordan_cook2/lucky_charm/lucky_charm.srcs/sources_1/new/sseg_driver.sv:3]
CRITICAL WARNING: [Synth 8-6859] multi-driven net on pin C:/Users/jordan_cook2/lucky_charm/lucky_charm.srcs/sources_1/new/sseg_driver.sv-3.7 with 2nd driver pin 'GND' [C:/Users/jordan_cook2/lucky_charm/lucky_charm.srcs/sources_1/new/sseg_driver.sv:3]
CRITICAL WARNING: [Synth 8-6858] multi-driven net C:/Users/jordan_cook2/lucky_charm/lucky_charm.srcs/sources_1/new/sseg_driver.sv-3.7 is connected to at least one constant driver which has been preserved, other driver is ignored [C:/Users/jordan_cook2/lucky_charm/lucky_charm.srcs/sources_1/new/sseg_driver.sv:3]
INFO: [Synth 8-6155] done synthesizing module 'sseg_driver' (3#1) [C:/Users/jordan_cook2/lucky_charm/lucky_charm.srcs/sources_1/new/sseg_driver.sv:3]
INFO: [Synth 8-6155] done synthesizing module 'main' (4#1) [C:/Users/jordan_cook2/lucky_charm/lucky_charm.srcs/sources_1/new/main.sv:3]
---------------------------------------------------------------------------------
Finished RTL Elaboration : Time (s): cpu = 00:00:04 ; elapsed = 00:00:05 . Memory (MB): peak = 1329.273 ; gain = 0.000
---------------------------------------------------------------------------------
---------------------------------------------------------------------------------
Start Handling Custom Attributes
---------------------------------------------------------------------------------
---------------------------------------------------------------------------------
Finished Handling Custom Attributes : Time (s): cpu = 00:00:05 ; elapsed = 00:00:05 . Memory (MB): peak = 1329.273 ; gain = 0.000
---------------------------------------------------------------------------------
---------------------------------------------------------------------------------
Finished RTL Optimization Phase 1 : Time (s): cpu = 00:00:05 ; elapsed = 00:00:05 . Memory (MB): peak = 1329.273 ; gain = 0.000
---------------------------------------------------------------------------------
Netlist sorting complete. Time (s): cpu = 00:00:00 ; elapsed = 00:00:00.001 . Memory (MB): peak = 1329.273 ; gain = 0.000
INFO: [Project 1-570] Preparing netlist for logic optimization

Processing XDC Constraints
Initializing timing engine
Parsing XDC File [C:/Users/jordan_cook2/lucky_charm/lucky_charm.srcs/constrs_1/new/constraints.xdc]
WARNING: [Vivado 12-584] No ports matched 'sw[0]'. [C:/Users/jordan_cook2/lucky_charm/lucky_charm.srcs/constrs_1/new/constraints.xdc:23]
CRITICAL WARNING: [Common 17-55] 'set_property' expects at least one object. [C:/Users/jordan_cook2/lucky_charm/lucky_charm.srcs/constrs_1/new/constraints.xdc:23]
Resolution: If [get_<value>] was used to populate the object, check to make sure this command returns at least one valid object.
WARNING: [Vivado 12-584] No ports matched 'sw[1]'. [C:/Users/jordan_cook2/lucky_charm/lucky_charm.srcs/constrs_1/new/constraints.xdc:24]
CRITICAL WARNING: [Common 17-55] 'set_property' expects at least one object. [C:/Users/jordan_cook2/lucky_charm/lucky_charm.srcs/constrs_1/new/constraints.xdc:24]
Resolution: If [get_<value>] was used to populate the object, check to make sure this command returns at least one valid object.
WARNING: [Vivado 12-584] No ports matched 'sw[2]'. [C:/Users/jordan_cook2/lucky_charm/lucky_charm.srcs/constrs_1/new/constraints.xdc:25]
CRITICAL WARNING: [Common 17-55] 'set_property' expects at least one object. [C:/Users/jordan_cook2/lucky_charm/lucky_charm.srcs/constrs_1/new/constraints.xdc:25]
Resolution: If [get_<value>] was used to populate the object, check to make sure this command returns at least one valid object.
WARNING: [Vivado 12-584] No ports matched 'sw[3]'. [C:/Users/jordan_cook2/lucky_charm/lucky_charm.srcs/constrs_1/new/constraints.xdc:26]
CRITICAL WARNING: [Common 17-55] 'set_property' expects at least one object. [C:/Users/jordan_cook2/lucky_charm/lucky_charm.srcs/constrs_1/new/constraints.xdc:26]
Resolution: If [get_<value>] was used to populate the object, check to make sure this command returns at least one valid object.
WARNING: [Vivado 12-584] No ports matched 'sw[4]'. [C:/Users/jordan_cook2/lucky_charm/lucky_charm.srcs/constrs_1/new/constraints.xdc:27]
CRITICAL WARNING: [Common 17-55] 'set_property' expects at least one object. [C:/Users/jordan_cook2/lucky_charm/lucky_charm.srcs/constrs_1/new/constraints.xdc:27]
Resolution: If [get_<value>] was used to populate the object, check to make sure this command returns at least one valid object.
WARNING: [Vivado 12-584] No ports matched 'sw[5]'. [C:/Users/jordan_cook2/lucky_charm/lucky_charm.srcs/constrs_1/new/constraints.xdc:28]
CRITICAL WARNING: [Common 17-55] 'set_property' expects at least one object. [C:/Users/jordan_cook2/lucky_charm/lucky_charm.srcs/constrs_1/new/constraints.xdc:28]
Resolution: If [get_<value>] was used to populate the object, check to make sure this command returns at least one valid object.
WARNING: [Vivado 12-584] No ports matched 'sw[6]'. [C:/Users/jordan_cook2/lucky_charm/lucky_charm.srcs/constrs_1/new/constraints.xdc:29]
CRITICAL WARNING: [Common 17-55] 'set_property' expects at least one object. [C:/Users/jordan_cook2/lucky_charm/lucky_charm.srcs/constrs_1/new/constraints.xdc:29]
Resolution: If [get_<value>] was used to populate the object, check to make sure this command returns at least one valid object.
WARNING: [Vivado 12-584] No ports matched 'sw[7]'. [C:/Users/jordan_cook2/lucky_charm/lucky_charm.srcs/constrs_1/new/constraints.xdc:30]
CRITICAL WARNING: [Common 17-55] 'set_property' expects at least one object. [C:/Users/jordan_cook2/lucky_charm/lucky_charm.srcs/constrs_1/new/constraints.xdc:30]
Resolution: If [get_<value>] was used to populate the object, check to make sure this command returns at least one valid object.
WARNING: [Vivado 12-584] No ports matched 'sw[8]'. [C:/Users/jordan_cook2/lucky_charm/lucky_charm.srcs/constrs_1/new/constraints.xdc:31]
CRITICAL WARNING: [Common 17-55] 'set_property' expects at least one object. [C:/Users/jordan_cook2/lucky_charm/lucky_charm.srcs/constrs_1/new/constraints.xdc:31]
Resolution: If [get_<value>] was used to populate the object, check to make sure this command returns at least one valid object.
WARNING: [Vivado 12-584] No ports matched 'sw[9]'. [C:/Users/jordan_cook2/lucky_charm/lucky_charm.srcs/constrs_1/new/constraints.xdc:32]
CRITICAL WARNING: [Common 17-55] 'set_property' expects at least one object. [C:/Users/jordan_cook2/lucky_charm/lucky_charm.srcs/constrs_1/new/constraints.xdc:32]
Resolution: If [get_<value>] was used to populate the object, check to make sure this command returns at least one valid object.
WARNING: [Vivado 12-584] No ports matched 'sw[10]'. [C:/Users/jordan_cook2/lucky_charm/lucky_charm.srcs/constrs_1/new/constraints.xdc:33]
CRITICAL WARNING: [Common 17-55] 'set_property' expects at least one object. [C:/Users/jordan_cook2/lucky_charm/lucky_charm.srcs/constrs_1/new/constraints.xdc:33]
Resolution: If [get_<value>] was used to populate the object, check to make sure this command returns at least one valid object.
WARNING: [Vivado 12-584] No ports matched 'sw[11]'. [C:/Users/jordan_cook2/lucky_charm/lucky_charm.srcs/constrs_1/new/constraints.xdc:34]
CRITICAL WARNING: [Common 17-55] 'set_property' expects at least one object. [C:/Users/jordan_cook2/lucky_charm/lucky_charm.srcs/constrs_1/new/constraints.xdc:34]
Resolution: If [get_<value>] was used to populate the object, check to make sure this command returns at least one valid object.
WARNING: [Vivado 12-584] No ports matched 'sw[12]'. [C:/Users/jordan_cook2/lucky_charm/lucky_charm.srcs/constrs_1/new/constraints.xdc:35]
CRITICAL WARNING: [Common 17-55] 'set_property' expects at least one object. [C:/Users/jordan_cook2/lucky_charm/lucky_charm.srcs/constrs_1/new/constraints.xdc:35]
Resolution: If [get_<value>] was used to populate the object, check to make sure this command returns at least one valid object.
WARNING: [Vivado 12-584] No ports matched 'sw[13]'. [C:/Users/jordan_cook2/lucky_charm/lucky_charm.srcs/constrs_1/new/constraints.xdc:36]
CRITICAL WARNING: [Common 17-55] 'set_property' expects at least one object. [C:/Users/jordan_cook2/lucky_charm/lucky_charm.srcs/constrs_1/new/constraints.xdc:36]
Resolution: If [get_<value>] was used to populate the object, check to make sure this command returns at least one valid object.
WARNING: [Vivado 12-584] No ports matched 'sw[14]'. [C:/Users/jordan_cook2/lucky_charm/lucky_charm.srcs/constrs_1/new/constraints.xdc:37]
CRITICAL WARNING: [Common 17-55] 'set_property' expects at least one object. [C:/Users/jordan_cook2/lucky_charm/lucky_charm.srcs/constrs_1/new/constraints.xdc:37]
Resolution: If [get_<value>] was used to populate the object, check to make sure this command returns at least one valid object.
WARNING: [Vivado 12-584] No ports matched 'sw[15]'. [C:/Users/jordan_cook2/lucky_charm/lucky_charm.srcs/constrs_1/new/constraints.xdc:38]
CRITICAL WARNING: [Common 17-55] 'set_property' expects at least one object. [C:/Users/jordan_cook2/lucky_charm/lucky_charm.srcs/constrs_1/new/constraints.xdc:38]
Resolution: If [get_<value>] was used to populate the object, check to make sure this command returns at least one valid object.
WARNING: [Vivado 12-584] No ports matched 'btn[4]'. [C:/Users/jordan_cook2/lucky_charm/lucky_charm.srcs/constrs_1/new/constraints.xdc:47]
CRITICAL WARNING: [Common 17-55] 'set_property' expects at least one object. [C:/Users/jordan_cook2/lucky_charm/lucky_charm.srcs/constrs_1/new/constraints.xdc:47]
Resolution: If [get_<value>] was used to populate the object, check to make sure this command returns at least one valid object.
WARNING: [Vivado 12-584] No ports matched 'btn[0]'. [C:/Users/jordan_cook2/lucky_charm/lucky_charm.srcs/constrs_1/new/constraints.xdc:48]
CRITICAL WARNING: [Common 17-55] 'set_property' expects at least one object. [C:/Users/jordan_cook2/lucky_charm/lucky_charm.srcs/constrs_1/new/constraints.xdc:48]
Resolution: If [get_<value>] was used to populate the object, check to make sure this command returns at least one valid object.
WARNING: [Vivado 12-584] No ports matched 'btn[3]'. [C:/Users/jordan_cook2/lucky_charm/lucky_charm.srcs/constrs_1/new/constraints.xdc:49]
CRITICAL WARNING: [Common 17-55] 'set_property' expects at least one object. [C:/Users/jordan_cook2/lucky_charm/lucky_charm.srcs/constrs_1/new/constraints.xdc:49]
Resolution: If [get_<value>] was used to populate the object, check to make sure this command returns at least one valid object.
WARNING: [Vivado 12-584] No ports matched 'btn[1]'. [C:/Users/jordan_cook2/lucky_charm/lucky_charm.srcs/constrs_1/new/constraints.xdc:50]
CRITICAL WARNING: [Common 17-55] 'set_property' expects at least one object. [C:/Users/jordan_cook2/lucky_charm/lucky_charm.srcs/constrs_1/new/constraints.xdc:50]
Resolution: If [get_<value>] was used to populate the object, check to make sure this command returns at least one valid object.
WARNING: [Vivado 12-584] No ports matched 'btn[2]'. [C:/Users/jordan_cook2/lucky_charm/lucky_charm.srcs/constrs_1/new/constraints.xdc:51]
CRITICAL WARNING: [Common 17-55] 'set_property' expects at least one object. [C:/Users/jordan_cook2/lucky_charm/lucky_charm.srcs/constrs_1/new/constraints.xdc:51]
Resolution: If [get_<value>] was used to populate the object, check to make sure this command returns at least one valid object.
WARNING: [Vivado 12-584] No ports matched 'led[0]'. [C:/Users/jordan_cook2/lucky_charm/lucky_charm.srcs/constrs_1/new/constraints.xdc:56]
CRITICAL WARNING: [Common 17-55] 'set_property' expects at least one object. [C:/Users/jordan_cook2/lucky_charm/lucky_charm.srcs/constrs_1/new/constraints.xdc:56]
Resolution: If [get_<value>] was used to populate the object, check to make sure this command returns at least one valid object.
WARNING: [Vivado 12-584] No ports matched 'led[1]'. [C:/Users/jordan_cook2/lucky_charm/lucky_charm.srcs/constrs_1/new/constraints.xdc:57]
CRITICAL WARNING: [Common 17-55] 'set_property' expects at least one object. [C:/Users/jordan_cook2/lucky_charm/lucky_charm.srcs/constrs_1/new/constraints.xdc:57]
Resolution: If [get_<value>] was used to populate the object, check to make sure this command returns at least one valid object.
WARNING: [Vivado 12-584] No ports matched 'led[2]'. [C:/Users/jordan_cook2/lucky_charm/lucky_charm.srcs/constrs_1/new/constraints.xdc:58]
CRITICAL WARNING: [Common 17-55] 'set_property' expects at least one object. [C:/Users/jordan_cook2/lucky_charm/lucky_charm.srcs/constrs_1/new/constraints.xdc:58]
Resolution: If [get_<value>] was used to populate the object, check to make sure this command returns at least one valid object.
WARNING: [Vivado 12-584] No ports matched 'led[3]'. [C:/Users/jordan_cook2/lucky_charm/lucky_charm.srcs/constrs_1/new/constraints.xdc:59]
CRITICAL WARNING: [Common 17-55] 'set_property' expects at least one object. [C:/Users/jordan_cook2/lucky_charm/lucky_charm.srcs/constrs_1/new/constraints.xdc:59]
Resolution: If [get_<value>] was used to populate the object, check to make sure this command returns at least one valid object.
WARNING: [Vivado 12-584] No ports matched 'led[4]'. [C:/Users/jordan_cook2/lucky_charm/lucky_charm.srcs/constrs_1/new/constraints.xdc:60]
CRITICAL WARNING: [Common 17-55] 'set_property' expects at least one object. [C:/Users/jordan_cook2/lucky_charm/lucky_charm.srcs/constrs_1/new/constraints.xdc:60]
Resolution: If [get_<value>] was used to populate the object, check to make sure this command returns at least one valid object.
WARNING: [Vivado 12-584] No ports matched 'led[5]'. [C:/Users/jordan_cook2/lucky_charm/lucky_charm.srcs/constrs_1/new/constraints.xdc:61]
CRITICAL WARNING: [Common 17-55] 'set_property' expects at least one object. [C:/Users/jordan_cook2/lucky_charm/lucky_charm.srcs/constrs_1/new/constraints.xdc:61]
Resolution: If [get_<value>] was used to populate the object, check to make sure this command returns at least one valid object.
WARNING: [Vivado 12-584] No ports matched 'led[6]'. [C:/Users/jordan_cook2/lucky_charm/lucky_charm.srcs/constrs_1/new/constraints.xdc:62]
CRITICAL WARNING: [Common 17-55] 'set_property' expects at least one object. [C:/Users/jordan_cook2/lucky_charm/lucky_charm.srcs/constrs_1/new/constraints.xdc:62]
Resolution: If [get_<value>] was used to populate the object, check to make sure this command returns at least one valid object.
WARNING: [Vivado 12-584] No ports matched 'led[7]'. [C:/Users/jordan_cook2/lucky_charm/lucky_charm.srcs/constrs_1/new/constraints.xdc:63]
CRITICAL WARNING: [Common 17-55] 'set_property' expects at least one object. [C:/Users/jordan_cook2/lucky_charm/lucky_charm.srcs/constrs_1/new/constraints.xdc:63]
Resolution: If [get_<value>] was used to populate the object, check to make sure this command returns at least one valid object.
WARNING: [Vivado 12-584] No ports matched 'led[8]'. [C:/Users/jordan_cook2/lucky_charm/lucky_charm.srcs/constrs_1/new/constraints.xdc:64]
CRITICAL WARNING: [Common 17-55] 'set_property' expects at least one object. [C:/Users/jordan_cook2/lucky_charm/lucky_charm.srcs/constrs_1/new/constraints.xdc:64]
Resolution: If [get_<value>] was used to populate the object, check to make sure this command returns at least one valid object.
WARNING: [Vivado 12-584] No ports matched 'led[9]'. [C:/Users/jordan_cook2/lucky_charm/lucky_charm.srcs/constrs_1/new/constraints.xdc:65]
CRITICAL WARNING: [Common 17-55] 'set_property' expects at least one object. [C:/Users/jordan_cook2/lucky_charm/lucky_charm.srcs/constrs_1/new/constraints.xdc:65]
Resolution: If [get_<value>] was used to populate the object, check to make sure this command returns at least one valid object.
WARNING: [Vivado 12-584] No ports matched 'led[10]'. [C:/Users/jordan_cook2/lucky_charm/lucky_charm.srcs/constrs_1/new/constraints.xdc:66]
CRITICAL WARNING: [Common 17-55] 'set_property' expects at least one object. [C:/Users/jordan_cook2/lucky_charm/lucky_charm.srcs/constrs_1/new/constraints.xdc:66]
Resolution: If [get_<value>] was used to populate the object, check to make sure this command returns at least one valid object.
WARNING: [Vivado 12-584] No ports matched 'led[11]'. [C:/Users/jordan_cook2/lucky_charm/lucky_charm.srcs/constrs_1/new/constraints.xdc:67]
CRITICAL WARNING: [Common 17-55] 'set_property' expects at least one object. [C:/Users/jordan_cook2/lucky_charm/lucky_charm.srcs/constrs_1/new/constraints.xdc:67]
Resolution: If [get_<value>] was used to populate the object, check to make sure this command returns at least one valid object.
WARNING: [Vivado 12-584] No ports matched 'led[12]'. [C:/Users/jordan_cook2/lucky_charm/lucky_charm.srcs/constrs_1/new/constraints.xdc:68]
CRITICAL WARNING: [Common 17-55] 'set_property' expects at least one object. [C:/Users/jordan_cook2/lucky_charm/lucky_charm.srcs/constrs_1/new/constraints.xdc:68]
Resolution: If [get_<value>] was used to populate the object, check to make sure this command returns at least one valid object.
WARNING: [Vivado 12-584] No ports matched 'led[13]'. [C:/Users/jordan_cook2/lucky_charm/lucky_charm.srcs/constrs_1/new/constraints.xdc:69]
CRITICAL WARNING: [Common 17-55] 'set_property' expects at least one object. [C:/Users/jordan_cook2/lucky_charm/lucky_charm.srcs/constrs_1/new/constraints.xdc:69]
Resolution: If [get_<value>] was used to populate the object, check to make sure this command returns at least one valid object.
WARNING: [Vivado 12-584] No ports matched 'led[14]'. [C:/Users/jordan_cook2/lucky_charm/lucky_charm.srcs/constrs_1/new/constraints.xdc:70]
CRITICAL WARNING: [Common 17-55] 'set_property' expects at least one object. [C:/Users/jordan_cook2/lucky_charm/lucky_charm.srcs/constrs_1/new/constraints.xdc:70]
Resolution: If [get_<value>] was used to populate the object, check to make sure this command returns at least one valid object.
WARNING: [Vivado 12-584] No ports matched 'led[15]'. [C:/Users/jordan_cook2/lucky_charm/lucky_charm.srcs/constrs_1/new/constraints.xdc:71]
CRITICAL WARNING: [Common 17-55] 'set_property' expects at least one object. [C:/Users/jordan_cook2/lucky_charm/lucky_charm.srcs/constrs_1/new/constraints.xdc:71]
Resolution: If [get_<value>] was used to populate the object, check to make sure this command returns at least one valid object.
WARNING: [Vivado 12-584] No ports matched 'rgb_led1[0]'. [C:/Users/jordan_cook2/lucky_charm/lucky_charm.srcs/constrs_1/new/constraints.xdc:76]
CRITICAL WARNING: [Common 17-55] 'set_property' expects at least one object. [C:/Users/jordan_cook2/lucky_charm/lucky_charm.srcs/constrs_1/new/constraints.xdc:76]
Resolution: If [get_<value>] was used to populate the object, check to make sure this command returns at least one valid object.
WARNING: [Vivado 12-584] No ports matched 'rgb_led1[1]'. [C:/Users/jordan_cook2/lucky_charm/lucky_charm.srcs/constrs_1/new/constraints.xdc:77]
CRITICAL WARNING: [Common 17-55] 'set_property' expects at least one object. [C:/Users/jordan_cook2/lucky_charm/lucky_charm.srcs/constrs_1/new/constraints.xdc:77]
Resolution: If [get_<value>] was used to populate the object, check to make sure this command returns at least one valid object.
WARNING: [Vivado 12-584] No ports matched 'rgb_led1[2]'. [C:/Users/jordan_cook2/lucky_charm/lucky_charm.srcs/constrs_1/new/constraints.xdc:78]
CRITICAL WARNING: [Common 17-55] 'set_property' expects at least one object. [C:/Users/jordan_cook2/lucky_charm/lucky_charm.srcs/constrs_1/new/constraints.xdc:78]
Resolution: If [get_<value>] was used to populate the object, check to make sure this command returns at least one valid object.
WARNING: [Vivado 12-584] No ports matched 'rgb_led2[0]'. [C:/Users/jordan_cook2/lucky_charm/lucky_charm.srcs/constrs_1/new/constraints.xdc:79]
CRITICAL WARNING: [Common 17-55] 'set_property' expects at least one object. [C:/Users/jordan_cook2/lucky_charm/lucky_charm.srcs/constrs_1/new/constraints.xdc:79]
Resolution: If [get_<value>] was used to populate the object, check to make sure this command returns at least one valid object.
WARNING: [Vivado 12-584] No ports matched 'rgb_led2[1]'. [C:/Users/jordan_cook2/lucky_charm/lucky_charm.srcs/constrs_1/new/constraints.xdc:80]
CRITICAL WARNING: [Common 17-55] 'set_property' expects at least one object. [C:/Users/jordan_cook2/lucky_charm/lucky_charm.srcs/constrs_1/new/constraints.xdc:80]
Resolution: If [get_<value>] was used to populate the object, check to make sure this command returns at least one valid object.
WARNING: [Vivado 12-584] No ports matched 'rgb_led2[2]'. [C:/Users/jordan_cook2/lucky_charm/lucky_charm.srcs/constrs_1/new/constraints.xdc:81]
CRITICAL WARNING: [Common 17-55] 'set_property' expects at least one object. [C:/Users/jordan_cook2/lucky_charm/lucky_charm.srcs/constrs_1/new/constraints.xdc:81]
Resolution: If [get_<value>] was used to populate the object, check to make sure this command returns at least one valid object.
WARNING: [Vivado 12-584] No ports matched 'audio_pdm'. [C:/Users/jordan_cook2/lucky_charm/lucky_charm.srcs/constrs_1/new/constraints.xdc:109]
CRITICAL WARNING: [Common 17-55] 'set_property' expects at least one object. [C:/Users/jordan_cook2/lucky_charm/lucky_charm.srcs/constrs_1/new/constraints.xdc:109]
Resolution: If [get_<value>] was used to populate the object, check to make sure this command returns at least one valid object.
WARNING: [Vivado 12-584] No ports matched 'audio_on'. [C:/Users/jordan_cook2/lucky_charm/lucky_charm.srcs/constrs_1/new/constraints.xdc:110]
CRITICAL WARNING: [Common 17-55] 'set_property' expects at least one object. [C:/Users/jordan_cook2/lucky_charm/lucky_charm.srcs/constrs_1/new/constraints.xdc:110]
Resolution: If [get_<value>] was used to populate the object, check to make sure this command returns at least one valid object.
WARNING: [Vivado 12-584] No ports matched 'tx'. [C:/Users/jordan_cook2/lucky_charm/lucky_charm.srcs/constrs_1/new/constraints.xdc:116]
CRITICAL WARNING: [Common 17-55] 'set_property' expects at least one object. [C:/Users/jordan_cook2/lucky_charm/lucky_charm.srcs/constrs_1/new/constraints.xdc:116]
Resolution: If [get_<value>] was used to populate the object, check to make sure this command returns at least one valid object.
WARNING: [Vivado 12-584] No ports matched 'rx'. [C:/Users/jordan_cook2/lucky_charm/lucky_charm.srcs/constrs_1/new/constraints.xdc:117]
CRITICAL WARNING: [Common 17-55] 'set_property' expects at least one object. [C:/Users/jordan_cook2/lucky_charm/lucky_charm.srcs/constrs_1/new/constraints.xdc:117]
Resolution: If [get_<value>] was used to populate the object, check to make sure this command returns at least one valid object.
WARNING: [Vivado 12-584] No ports matched 'ps2c'. [C:/Users/jordan_cook2/lucky_charm/lucky_charm.srcs/constrs_1/new/constraints.xdc:125]
CRITICAL WARNING: [Common 17-55] 'set_property' expects at least one object. [C:/Users/jordan_cook2/lucky_charm/lucky_charm.srcs/constrs_1/new/constraints.xdc:125]
Resolution: If [get_<value>] was used to populate the object, check to make sure this command returns at least one valid object.
WARNING: [Vivado 12-584] No ports matched 'ps2d'. [C:/Users/jordan_cook2/lucky_charm/lucky_charm.srcs/constrs_1/new/constraints.xdc:126]
CRITICAL WARNING: [Common 17-55] 'set_property' expects at least one object. [C:/Users/jordan_cook2/lucky_charm/lucky_charm.srcs/constrs_1/new/constraints.xdc:126]
Resolution: If [get_<value>] was used to populate the object, check to make sure this command returns at least one valid object.
WARNING: [Vivado 12-584] No ports matched 'tmp_i2c_scl'. [C:/Users/jordan_cook2/lucky_charm/lucky_charm.srcs/constrs_1/new/constraints.xdc:133]
CRITICAL WARNING: [Common 17-55] 'set_property' expects at least one object. [C:/Users/jordan_cook2/lucky_charm/lucky_charm.srcs/constrs_1/new/constraints.xdc:133]
Resolution: If [get_<value>] was used to populate the object, check to make sure this command returns at least one valid object.
WARNING: [Vivado 12-584] No ports matched 'tmp_i2c_sda'. [C:/Users/jordan_cook2/lucky_charm/lucky_charm.srcs/constrs_1/new/constraints.xdc:134]
CRITICAL WARNING: [Common 17-55] 'set_property' expects at least one object. [C:/Users/jordan_cook2/lucky_charm/lucky_charm.srcs/constrs_1/new/constraints.xdc:134]
Resolution: If [get_<value>] was used to populate the object, check to make sure this command returns at least one valid object.
WARNING: [Vivado 12-584] No ports matched 'acl_miso'. [C:/Users/jordan_cook2/lucky_charm/lucky_charm.srcs/constrs_1/new/constraints.xdc:144]
CRITICAL WARNING: [Common 17-55] 'set_property' expects at least one object. [C:/Users/jordan_cook2/lucky_charm/lucky_charm.srcs/constrs_1/new/constraints.xdc:144]
Resolution: If [get_<value>] was used to populate the object, check to make sure this command returns at least one valid object.
WARNING: [Vivado 12-584] No ports matched 'acl_mosi'. [C:/Users/jordan_cook2/lucky_charm/lucky_charm.srcs/constrs_1/new/constraints.xdc:145]
CRITICAL WARNING: [Common 17-55] 'set_property' expects at least one object. [C:/Users/jordan_cook2/lucky_charm/lucky_charm.srcs/constrs_1/new/constraints.xdc:145]
Resolution: If [get_<value>] was used to populate the object, check to make sure this command returns at least one valid object.
WARNING: [Vivado 12-584] No ports matched 'acl_sclk'. [C:/Users/jordan_cook2/lucky_charm/lucky_charm.srcs/constrs_1/new/constraints.xdc:146]
CRITICAL WARNING: [Common 17-55] 'set_property' expects at least one object. [C:/Users/jordan_cook2/lucky_charm/lucky_charm.srcs/constrs_1/new/constraints.xdc:146]
Resolution: If [get_<value>] was used to populate the object, check to make sure this command returns at least one valid object.
WARNING: [Vivado 12-584] No ports matched 'acl_ss_n'. [C:/Users/jordan_cook2/lucky_charm/lucky_charm.srcs/constrs_1/new/constraints.xdc:147]
CRITICAL WARNING: [Common 17-55] 'set_property' expects at least one object. [C:/Users/jordan_cook2/lucky_charm/lucky_charm.srcs/constrs_1/new/constraints.xdc:147]
Resolution: If [get_<value>] was used to populate the object, check to make sure this command returns at least one valid object.
WARNING: [Vivado 12-584] No ports matched 'hsync'. [C:/Users/jordan_cook2/lucky_charm/lucky_charm.srcs/constrs_1/new/constraints.xdc:156]
CRITICAL WARNING: [Common 17-55] 'set_property' expects at least one object. [C:/Users/jordan_cook2/lucky_charm/lucky_charm.srcs/constrs_1/new/constraints.xdc:156]
Resolution: If [get_<value>] was used to populate the object, check to make sure this command returns at least one valid object.
WARNING: [Vivado 12-584] No ports matched 'vsync'. [C:/Users/jordan_cook2/lucky_charm/lucky_charm.srcs/constrs_1/new/constraints.xdc:157]
CRITICAL WARNING: [Common 17-55] 'set_property' expects at least one object. [C:/Users/jordan_cook2/lucky_charm/lucky_charm.srcs/constrs_1/new/constraints.xdc:157]
Resolution: If [get_<value>] was used to populate the object, check to make sure this command returns at least one valid object.
WARNING: [Vivado 12-584] No ports matched 'rgb[8]'. [C:/Users/jordan_cook2/lucky_charm/lucky_charm.srcs/constrs_1/new/constraints.xdc:158]
CRITICAL WARNING: [Common 17-55] 'set_property' expects at least one object. [C:/Users/jordan_cook2/lucky_charm/lucky_charm.srcs/constrs_1/new/constraints.xdc:158]
Resolution: If [get_<value>] was used to populate the object, check to make sure this command returns at least one valid object.
WARNING: [Vivado 12-584] No ports matched 'rgb[9]'. [C:/Users/jordan_cook2/lucky_charm/lucky_charm.srcs/constrs_1/new/constraints.xdc:159]
CRITICAL WARNING: [Common 17-55] 'set_property' expects at least one object. [C:/Users/jordan_cook2/lucky_charm/lucky_charm.srcs/constrs_1/new/constraints.xdc:159]
Resolution: If [get_<value>] was used to populate the object, check to make sure this command returns at least one valid object.
WARNING: [Vivado 12-584] No ports matched 'rgb[10]'. [C:/Users/jordan_cook2/lucky_charm/lucky_charm.srcs/constrs_1/new/constraints.xdc:160]
CRITICAL WARNING: [Common 17-55] 'set_property' expects at least one object. [C:/Users/jordan_cook2/lucky_charm/lucky_charm.srcs/constrs_1/new/constraints.xdc:160]
Resolution: If [get_<value>] was used to populate the object, check to make sure this command returns at least one valid object.
WARNING: [Vivado 12-584] No ports matched 'rgb[11]'. [C:/Users/jordan_cook2/lucky_charm/lucky_charm.srcs/constrs_1/new/constraints.xdc:161]
CRITICAL WARNING: [Common 17-55] 'set_property' expects at least one object. [C:/Users/jordan_cook2/lucky_charm/lucky_charm.srcs/constrs_1/new/constraints.xdc:161]
Resolution: If [get_<value>] was used to populate the object, check to make sure this command returns at least one valid object.
WARNING: [Vivado 12-584] No ports matched 'rgb[4]'. [C:/Users/jordan_cook2/lucky_charm/lucky_charm.srcs/constrs_1/new/constraints.xdc:162]
CRITICAL WARNING: [Common 17-55] 'set_property' expects at least one object. [C:/Users/jordan_cook2/lucky_charm/lucky_charm.srcs/constrs_1/new/constraints.xdc:162]
Resolution: If [get_<value>] was used to populate the object, check to make sure this command returns at least one valid object.
WARNING: [Vivado 12-584] No ports matched 'rgb[5]'. [C:/Users/jordan_cook2/lucky_charm/lucky_charm.srcs/constrs_1/new/constraints.xdc:163]
CRITICAL WARNING: [Common 17-55] 'set_property' expects at least one object. [C:/Users/jordan_cook2/lucky_charm/lucky_charm.srcs/constrs_1/new/constraints.xdc:163]
Resolution: If [get_<value>] was used to populate the object, check to make sure this command returns at least one valid object.
WARNING: [Vivado 12-584] No ports matched 'rgb[6]'. [C:/Users/jordan_cook2/lucky_charm/lucky_charm.srcs/constrs_1/new/constraints.xdc:164]
CRITICAL WARNING: [Common 17-55] 'set_property' expects at least one object. [C:/Users/jordan_cook2/lucky_charm/lucky_charm.srcs/constrs_1/new/constraints.xdc:164]
Resolution: If [get_<value>] was used to populate the object, check to make sure this command returns at least one valid object.
WARNING: [Vivado 12-584] No ports matched 'rgb[7]'. [C:/Users/jordan_cook2/lucky_charm/lucky_charm.srcs/constrs_1/new/constraints.xdc:165]
CRITICAL WARNING: [Common 17-55] 'set_property' expects at least one object. [C:/Users/jordan_cook2/lucky_charm/lucky_charm.srcs/constrs_1/new/constraints.xdc:165]
Resolution: If [get_<value>] was used to populate the object, check to make sure this command returns at least one valid object.
WARNING: [Vivado 12-584] No ports matched 'rgb[0]'. [C:/Users/jordan_cook2/lucky_charm/lucky_charm.srcs/constrs_1/new/constraints.xdc:166]
CRITICAL WARNING: [Common 17-55] 'set_property' expects at least one object. [C:/Users/jordan_cook2/lucky_charm/lucky_charm.srcs/constrs_1/new/constraints.xdc:166]
Resolution: If [get_<value>] was used to populate the object, check to make sure this command returns at least one valid object.
WARNING: [Vivado 12-584] No ports matched 'rgb[1]'. [C:/Users/jordan_cook2/lucky_charm/lucky_charm.srcs/constrs_1/new/constraints.xdc:167]
CRITICAL WARNING: [Common 17-55] 'set_property' expects at least one object. [C:/Users/jordan_cook2/lucky_charm/lucky_charm.srcs/constrs_1/new/constraints.xdc:167]
Resolution: If [get_<value>] was used to populate the object, check to make sure this command returns at least one valid object.
WARNING: [Vivado 12-584] No ports matched 'rgb[2]'. [C:/Users/jordan_cook2/lucky_charm/lucky_charm.srcs/constrs_1/new/constraints.xdc:168]
CRITICAL WARNING: [Common 17-55] 'set_property' expects at least one object. [C:/Users/jordan_cook2/lucky_charm/lucky_charm.srcs/constrs_1/new/constraints.xdc:168]
Resolution: If [get_<value>] was used to populate the object, check to make sure this command returns at least one valid object.
WARNING: [Vivado 12-584] No ports matched 'rgb[3]'. [C:/Users/jordan_cook2/lucky_charm/lucky_charm.srcs/constrs_1/new/constraints.xdc:169]
CRITICAL WARNING: [Common 17-55] 'set_property' expects at least one object. [C:/Users/jordan_cook2/lucky_charm/lucky_charm.srcs/constrs_1/new/constraints.xdc:169]
Resolution: If [get_<value>] was used to populate the object, check to make sure this command returns at least one valid object.
WARNING: [Vivado 12-584] No ports matched 'sd_reset'. [C:/Users/jordan_cook2/lucky_charm/lucky_charm.srcs/constrs_1/new/constraints.xdc:174]
CRITICAL WARNING: [Common 17-55] 'set_property' expects at least one object. [C:/Users/jordan_cook2/lucky_charm/lucky_charm.srcs/constrs_1/new/constraints.xdc:174]
Resolution: If [get_<value>] was used to populate the object, check to make sure this command returns at least one valid object.
WARNING: [Vivado 12-584] No ports matched 'sd_sclk'. [C:/Users/jordan_cook2/lucky_charm/lucky_charm.srcs/constrs_1/new/constraints.xdc:175]
CRITICAL WARNING: [Common 17-55] 'set_property' expects at least one object. [C:/Users/jordan_cook2/lucky_charm/lucky_charm.srcs/constrs_1/new/constraints.xdc:175]
Resolution: If [get_<value>] was used to populate the object, check to make sure this command returns at least one valid object.
WARNING: [Vivado 12-584] No ports matched 'sd_mosi'. [C:/Users/jordan_cook2/lucky_charm/lucky_charm.srcs/constrs_1/new/constraints.xdc:176]
CRITICAL WARNING: [Common 17-55] 'set_property' expects at least one object. [C:/Users/jordan_cook2/lucky_charm/lucky_charm.srcs/constrs_1/new/constraints.xdc:176]
Resolution: If [get_<value>] was used to populate the object, check to make sure this command returns at least one valid object.
WARNING: [Vivado 12-584] No ports matched 'sd_miso'. [C:/Users/jordan_cook2/lucky_charm/lucky_charm.srcs/constrs_1/new/constraints.xdc:177]
CRITICAL WARNING: [Common 17-55] 'set_property' expects at least one object. [C:/Users/jordan_cook2/lucky_charm/lucky_charm.srcs/constrs_1/new/constraints.xdc:177]
Resolution: If [get_<value>] was used to populate the object, check to make sure this command returns at least one valid object.
WARNING: [Vivado 12-584] No ports matched 'sd_ss_n'. [C:/Users/jordan_cook2/lucky_charm/lucky_charm.srcs/constrs_1/new/constraints.xdc:180]
CRITICAL WARNING: [Common 17-55] 'set_property' expects at least one object. [C:/Users/jordan_cook2/lucky_charm/lucky_charm.srcs/constrs_1/new/constraints.xdc:180]
Resolution: If [get_<value>] was used to populate the object, check to make sure this command returns at least one valid object.
WARNING: [Vivado 12-584] No ports matched 'adc_n[0]'. [C:/Users/jordan_cook2/lucky_charm/lucky_charm.srcs/constrs_1/new/constraints.xdc:207]
CRITICAL WARNING: [Common 17-55] 'set_property' expects at least one object. [C:/Users/jordan_cook2/lucky_charm/lucky_charm.srcs/constrs_1/new/constraints.xdc:207]
Resolution: If [get_<value>] was used to populate the object, check to make sure this command returns at least one valid object.
WARNING: [Vivado 12-584] No ports matched 'adc_p[0]'. [C:/Users/jordan_cook2/lucky_charm/lucky_charm.srcs/constrs_1/new/constraints.xdc:208]
CRITICAL WARNING: [Common 17-55] 'set_property' expects at least one object. [C:/Users/jordan_cook2/lucky_charm/lucky_charm.srcs/constrs_1/new/constraints.xdc:208]
Resolution: If [get_<value>] was used to populate the object, check to make sure this command returns at least one valid object.
WARNING: [Vivado 12-584] No ports matched 'adc_n[1]'. [C:/Users/jordan_cook2/lucky_charm/lucky_charm.srcs/constrs_1/new/constraints.xdc:209]
CRITICAL WARNING: [Common 17-55] 'set_property' expects at least one object. [C:/Users/jordan_cook2/lucky_charm/lucky_charm.srcs/constrs_1/new/constraints.xdc:209]
Resolution: If [get_<value>] was used to populate the object, check to make sure this command returns at least one valid object.
WARNING: [Vivado 12-584] No ports matched 'adc_p[1]'. [C:/Users/jordan_cook2/lucky_charm/lucky_charm.srcs/constrs_1/new/constraints.xdc:210]
CRITICAL WARNING: [Common 17-55] 'set_property' expects at least one object. [C:/Users/jordan_cook2/lucky_charm/lucky_charm.srcs/constrs_1/new/constraints.xdc:210]
Resolution: If [get_<value>] was used to populate the object, check to make sure this command returns at least one valid object.
WARNING: [Vivado 12-584] No ports matched 'adc_n[2]'. [C:/Users/jordan_cook2/lucky_charm/lucky_charm.srcs/constrs_1/new/constraints.xdc:211]
CRITICAL WARNING: [Common 17-55] 'set_property' expects at least one object. [C:/Users/jordan_cook2/lucky_charm/lucky_charm.srcs/constrs_1/new/constraints.xdc:211]
Resolution: If [get_<value>] was used to populate the object, check to make sure this command returns at least one valid object.
WARNING: [Vivado 12-584] No ports matched 'adc_p[2]'. [C:/Users/jordan_cook2/lucky_charm/lucky_charm.srcs/constrs_1/new/constraints.xdc:212]
CRITICAL WARNING: [Common 17-55] 'set_property' expects at least one object. [C:/Users/jordan_cook2/lucky_charm/lucky_charm.srcs/constrs_1/new/constraints.xdc:212]
Resolution: If [get_<value>] was used to populate the object, check to make sure this command returns at least one valid object.
WARNING: [Vivado 12-584] No ports matched 'adc_n[3]'. [C:/Users/jordan_cook2/lucky_charm/lucky_charm.srcs/constrs_1/new/constraints.xdc:213]
CRITICAL WARNING: [Common 17-55] 'set_property' expects at least one object. [C:/Users/jordan_cook2/lucky_charm/lucky_charm.srcs/constrs_1/new/constraints.xdc:213]
Resolution: If [get_<value>] was used to populate the object, check to make sure this command returns at least one valid object.
WARNING: [Vivado 12-584] No ports matched 'adc_p[3]'. [C:/Users/jordan_cook2/lucky_charm/lucky_charm.srcs/constrs_1/new/constraints.xdc:214]
CRITICAL WARNING: [Common 17-55] 'set_property' expects at least one object. [C:/Users/jordan_cook2/lucky_charm/lucky_charm.srcs/constrs_1/new/constraints.xdc:214]
Resolution: If [get_<value>] was used to populate the object, check to make sure this command returns at least one valid object.
WARNING: [Vivado 12-584] No ports matched 'ja_top[1]'. [C:/Users/jordan_cook2/lucky_charm/lucky_charm.srcs/constrs_1/new/constraints.xdc:223]
CRITICAL WARNING: [Common 17-55] 'set_property' expects at least one object. [C:/Users/jordan_cook2/lucky_charm/lucky_charm.srcs/constrs_1/new/constraints.xdc:223]
Resolution: If [get_<value>] was used to populate the object, check to make sure this command returns at least one valid object.
WARNING: [Vivado 12-584] No ports matched 'ja_top[2]'. [C:/Users/jordan_cook2/lucky_charm/lucky_charm.srcs/constrs_1/new/constraints.xdc:224]
CRITICAL WARNING: [Common 17-55] 'set_property' expects at least one object. [C:/Users/jordan_cook2/lucky_charm/lucky_charm.srcs/constrs_1/new/constraints.xdc:224]
Resolution: If [get_<value>] was used to populate the object, check to make sure this command returns at least one valid object.
WARNING: [Vivado 12-584] No ports matched 'ja_top[3]'. [C:/Users/jordan_cook2/lucky_charm/lucky_charm.srcs/constrs_1/new/constraints.xdc:225]
CRITICAL WARNING: [Common 17-55] 'set_property' expects at least one object. [C:/Users/jordan_cook2/lucky_charm/lucky_charm.srcs/constrs_1/new/constraints.xdc:225]
Resolution: If [get_<value>] was used to populate the object, check to make sure this command returns at least one valid object.
WARNING: [Vivado 12-584] No ports matched 'ja_top[4]'. [C:/Users/jordan_cook2/lucky_charm/lucky_charm.srcs/constrs_1/new/constraints.xdc:226]
CRITICAL WARNING: [Common 17-55] 'set_property' expects at least one object. [C:/Users/jordan_cook2/lucky_charm/lucky_charm.srcs/constrs_1/new/constraints.xdc:226]
Resolution: If [get_<value>] was used to populate the object, check to make sure this command returns at least one valid object.
WARNING: [Vivado 12-584] No ports matched 'ja_btm[7]'. [C:/Users/jordan_cook2/lucky_charm/lucky_charm.srcs/constrs_1/new/constraints.xdc:227]
CRITICAL WARNING: [Common 17-55] 'set_property' expects at least one object. [C:/Users/jordan_cook2/lucky_charm/lucky_charm.srcs/constrs_1/new/constraints.xdc:227]
Resolution: If [get_<value>] was used to populate the object, check to make sure this command returns at least one valid object.
WARNING: [Vivado 12-584] No ports matched 'ja_btm[8]'. [C:/Users/jordan_cook2/lucky_charm/lucky_charm.srcs/constrs_1/new/constraints.xdc:228]
CRITICAL WARNING: [Common 17-55] 'set_property' expects at least one object. [C:/Users/jordan_cook2/lucky_charm/lucky_charm.srcs/constrs_1/new/constraints.xdc:228]
Resolution: If [get_<value>] was used to populate the object, check to make sure this command returns at least one valid object.
WARNING: [Vivado 12-584] No ports matched 'ja_btm[9]'. [C:/Users/jordan_cook2/lucky_charm/lucky_charm.srcs/constrs_1/new/constraints.xdc:229]
CRITICAL WARNING: [Common 17-55] 'set_property' expects at least one object. [C:/Users/jordan_cook2/lucky_charm/lucky_charm.srcs/constrs_1/new/constraints.xdc:229]
Resolution: If [get_<value>] was used to populate the object, check to make sure this command returns at least one valid object.
WARNING: [Vivado 12-584] No ports matched 'ja_btm[10]'. [C:/Users/jordan_cook2/lucky_charm/lucky_charm.srcs/constrs_1/new/constraints.xdc:230]
CRITICAL WARNING: [Common 17-55] 'set_property' expects at least one object. [C:/Users/jordan_cook2/lucky_charm/lucky_charm.srcs/constrs_1/new/constraints.xdc:230]
Resolution: If [get_<value>] was used to populate the object, check to make sure this command returns at least one valid object.
WARNING: [Vivado 12-584] No ports matched 'jb_top[1]'. [C:/Users/jordan_cook2/lucky_charm/lucky_charm.srcs/constrs_1/new/constraints.xdc:237]
CRITICAL WARNING: [Common 17-55] 'set_property' expects at least one object. [C:/Users/jordan_cook2/lucky_charm/lucky_charm.srcs/constrs_1/new/constraints.xdc:237]
Resolution: If [get_<value>] was used to populate the object, check to make sure this command returns at least one valid object.
WARNING: [Vivado 12-584] No ports matched 'jb_top[2]'. [C:/Users/jordan_cook2/lucky_charm/lucky_charm.srcs/constrs_1/new/constraints.xdc:238]
CRITICAL WARNING: [Common 17-55] 'set_property' expects at least one object. [C:/Users/jordan_cook2/lucky_charm/lucky_charm.srcs/constrs_1/new/constraints.xdc:238]
Resolution: If [get_<value>] was used to populate the object, check to make sure this command returns at least one valid object.
WARNING: [Vivado 12-584] No ports matched 'jb_top[3]'. [C:/Users/jordan_cook2/lucky_charm/lucky_charm.srcs/constrs_1/new/constraints.xdc:239]
CRITICAL WARNING: [Common 17-55] 'set_property' expects at least one object. [C:/Users/jordan_cook2/lucky_charm/lucky_charm.srcs/constrs_1/new/constraints.xdc:239]
Resolution: If [get_<value>] was used to populate the object, check to make sure this command returns at least one valid object.
WARNING: [Vivado 12-584] No ports matched 'jb_top[4]'. [C:/Users/jordan_cook2/lucky_charm/lucky_charm.srcs/constrs_1/new/constraints.xdc:240]
CRITICAL WARNING: [Common 17-55] 'set_property' expects at least one object. [C:/Users/jordan_cook2/lucky_charm/lucky_charm.srcs/constrs_1/new/constraints.xdc:240]
Resolution: If [get_<value>] was used to populate the object, check to make sure this command returns at least one valid object.
WARNING: [Vivado 12-584] No ports matched 'jb_btm[7]'. [C:/Users/jordan_cook2/lucky_charm/lucky_charm.srcs/constrs_1/new/constraints.xdc:241]
CRITICAL WARNING: [Common 17-55] 'set_property' expects at least one object. [C:/Users/jordan_cook2/lucky_charm/lucky_charm.srcs/constrs_1/new/constraints.xdc:241]
Resolution: If [get_<value>] was used to populate the object, check to make sure this command returns at least one valid object.
WARNING: [Vivado 12-584] No ports matched 'jb_btm[8]'. [C:/Users/jordan_cook2/lucky_charm/lucky_charm.srcs/constrs_1/new/constraints.xdc:242]
CRITICAL WARNING: [Common 17-55] 'set_property' expects at least one object. [C:/Users/jordan_cook2/lucky_charm/lucky_charm.srcs/constrs_1/new/constraints.xdc:242]
Resolution: If [get_<value>] was used to populate the object, check to make sure this command returns at least one valid object.
WARNING: [Vivado 12-584] No ports matched 'jb_btm[9]'. [C:/Users/jordan_cook2/lucky_charm/lucky_charm.srcs/constrs_1/new/constraints.xdc:243]
CRITICAL WARNING: [Common 17-55] 'set_property' expects at least one object. [C:/Users/jordan_cook2/lucky_charm/lucky_charm.srcs/constrs_1/new/constraints.xdc:243]
Resolution: If [get_<value>] was used to populate the object, check to make sure this command returns at least one valid object.
WARNING: [Vivado 12-584] No ports matched 'jb_btm[10]'. [C:/Users/jordan_cook2/lucky_charm/lucky_charm.srcs/constrs_1/new/constraints.xdc:244]
CRITICAL WARNING: [Common 17-55] 'set_property' expects at least one object. [C:/Users/jordan_cook2/lucky_charm/lucky_charm.srcs/constrs_1/new/constraints.xdc:244]
Resolution: If [get_<value>] was used to populate the object, check to make sure this command returns at least one valid object.
WARNING: [Vivado 12-584] No ports matched 'jc_top[1]'. [C:/Users/jordan_cook2/lucky_charm/lucky_charm.srcs/constrs_1/new/constraints.xdc:251]
CRITICAL WARNING: [Common 17-55] 'set_property' expects at least one object. [C:/Users/jordan_cook2/lucky_charm/lucky_charm.srcs/constrs_1/new/constraints.xdc:251]
Resolution: If [get_<value>] was used to populate the object, check to make sure this command returns at least one valid object.
WARNING: [Vivado 12-584] No ports matched 'jc_top[2]'. [C:/Users/jordan_cook2/lucky_charm/lucky_charm.srcs/constrs_1/new/constraints.xdc:252]
INFO: [Common 17-14] Message 'Vivado 12-584' appears 100 times and further instances of the messages will be disabled. Use the Tcl command set_msg_config to change the current settings. [C:/Users/jordan_cook2/lucky_charm/lucky_charm.srcs/constrs_1/new/constraints.xdc:252]
CRITICAL WARNING: [Common 17-55] 'set_property' expects at least one object. [C:/Users/jordan_cook2/lucky_charm/lucky_charm.srcs/constrs_1/new/constraints.xdc:252]
Resolution: If [get_<value>] was used to populate the object, check to make sure this command returns at least one valid object.
Finished Parsing XDC File [C:/Users/jordan_cook2/lucky_charm/lucky_charm.srcs/constrs_1/new/constraints.xdc]
INFO: [Project 1-236] Implementation specific constraints were found while reading constraint file [C:/Users/jordan_cook2/lucky_charm/lucky_charm.srcs/constrs_1/new/constraints.xdc]. These constraints will be ignored for synthesis but will be used in implementation. Impacted constraints are listed in the file [.Xil/main_propImpl.xdc].
Resolution: To avoid this warning, move constraints listed in [.Xil/main_propImpl.xdc] to another XDC file and exclude this new file from synthesis with the used_in_synthesis property (File Properties dialog in GUI) and re-run elaboration/synthesis.
Completed Processing XDC Constraints

Netlist sorting complete. Time (s): cpu = 00:00:00 ; elapsed = 00:00:00 . Memory (MB): peak = 1336.867 ; gain = 0.000
INFO: [Project 1-111] Unisim Transformation Summary:
No Unisim elements were transformed.

Constraint Validation Runtime : Time (s): cpu = 00:00:00 ; elapsed = 00:00:00.002 . Memory (MB): peak = 1336.867 ; gain = 0.000
---------------------------------------------------------------------------------
Finished Constraint Validation : Time (s): cpu = 00:00:10 ; elapsed = 00:00:11 . Memory (MB): peak = 1336.867 ; gain = 7.594
---------------------------------------------------------------------------------
---------------------------------------------------------------------------------
Start Loading Part and Timing Information
---------------------------------------------------------------------------------
Loading part: xc7a100tcsg324-1
---------------------------------------------------------------------------------
Finished Loading Part and Timing Information : Time (s): cpu = 00:00:10 ; elapsed = 00:00:11 . Memory (MB): peak = 1336.867 ; gain = 7.594
---------------------------------------------------------------------------------
---------------------------------------------------------------------------------
Start Applying 'set_property' XDC Constraints
---------------------------------------------------------------------------------
---------------------------------------------------------------------------------
Finished applying 'set_property' XDC Constraints : Time (s): cpu = 00:00:10 ; elapsed = 00:00:11 . Memory (MB): peak = 1336.867 ; gain = 7.594
---------------------------------------------------------------------------------
---------------------------------------------------------------------------------
Finished RTL Optimization Phase 2 : Time (s): cpu = 00:00:10 ; elapsed = 00:00:11 . Memory (MB): peak = 1336.867 ; gain = 7.594
---------------------------------------------------------------------------------
---------------------------------------------------------------------------------
Start RTL Component Statistics 
---------------------------------------------------------------------------------
Detailed RTL Component Info : 
+---Muxes : 
	   8 Input    8 Bit        Muxes := 4     
	   4 Input    8 Bit        Muxes := 1     
	   4 Input    4 Bit        Muxes := 1     
---------------------------------------------------------------------------------
Finished RTL Component Statistics 
---------------------------------------------------------------------------------
---------------------------------------------------------------------------------
Start Part Resource Summary
---------------------------------------------------------------------------------
Part Resources:
DSPs: 240 (col length:80)
BRAMs: 270 (col length: RAMB18 80 RAMB36 40)
---------------------------------------------------------------------------------
Finished Part Resource Summary
---------------------------------------------------------------------------------
---------------------------------------------------------------------------------
Start Cross Boundary and Area Optimization
---------------------------------------------------------------------------------
---------------------------------------------------------------------------------
Finished Cross Boundary and Area Optimization : Time (s): cpu = 00:00:12 ; elapsed = 00:00:12 . Memory (MB): peak = 1336.867 ; gain = 7.594
---------------------------------------------------------------------------------
---------------------------------------------------------------------------------
Start Applying XDC Timing Constraints
---------------------------------------------------------------------------------
---------------------------------------------------------------------------------
Finished Applying XDC Timing Constraints : Time (s): cpu = 00:00:17 ; elapsed = 00:00:17 . Memory (MB): peak = 1336.867 ; gain = 7.594
---------------------------------------------------------------------------------
---------------------------------------------------------------------------------
Start Timing Optimization
---------------------------------------------------------------------------------
---------------------------------------------------------------------------------
Finished Timing Optimization : Time (s): cpu = 00:00:17 ; elapsed = 00:00:17 . Memory (MB): peak = 1336.867 ; gain = 7.594
---------------------------------------------------------------------------------
---------------------------------------------------------------------------------
Start Technology Mapping
---------------------------------------------------------------------------------
---------------------------------------------------------------------------------
Finished Technology Mapping : Time (s): cpu = 00:00:17 ; elapsed = 00:00:17 . Memory (MB): peak = 1341.332 ; gain = 12.059
---------------------------------------------------------------------------------
---------------------------------------------------------------------------------
Start IO Insertion
---------------------------------------------------------------------------------
---------------------------------------------------------------------------------
Start Flattening Before IO Insertion
---------------------------------------------------------------------------------
---------------------------------------------------------------------------------
Finished Flattening Before IO Insertion
---------------------------------------------------------------------------------
---------------------------------------------------------------------------------
Start Final Netlist Cleanup
---------------------------------------------------------------------------------
---------------------------------------------------------------------------------
Finished Final Netlist Cleanup
---------------------------------------------------------------------------------
---------------------------------------------------------------------------------
Finished IO Insertion : Time (s): cpu = 00:00:20 ; elapsed = 00:00:20 . Memory (MB): peak = 1348.156 ; gain = 18.883
---------------------------------------------------------------------------------
---------------------------------------------------------------------------------
Start Renaming Generated Instances
---------------------------------------------------------------------------------
---------------------------------------------------------------------------------
Finished Renaming Generated Instances : Time (s): cpu = 00:00:20 ; elapsed = 00:00:20 . Memory (MB): peak = 1348.156 ; gain = 18.883
---------------------------------------------------------------------------------
---------------------------------------------------------------------------------
Start Rebuilding User Hierarchy
---------------------------------------------------------------------------------
---------------------------------------------------------------------------------
Finished Rebuilding User Hierarchy : Time (s): cpu = 00:00:20 ; elapsed = 00:00:20 . Memory (MB): peak = 1348.156 ; gain = 18.883
---------------------------------------------------------------------------------
---------------------------------------------------------------------------------
Start Renaming Generated Ports
---------------------------------------------------------------------------------
---------------------------------------------------------------------------------
Finished Renaming Generated Ports : Time (s): cpu = 00:00:20 ; elapsed = 00:00:20 . Memory (MB): peak = 1348.156 ; gain = 18.883
---------------------------------------------------------------------------------
---------------------------------------------------------------------------------
Start Handling Custom Attributes
---------------------------------------------------------------------------------
---------------------------------------------------------------------------------
Finished Handling Custom Attributes : Time (s): cpu = 00:00:20 ; elapsed = 00:00:20 . Memory (MB): peak = 1348.156 ; gain = 18.883
---------------------------------------------------------------------------------
---------------------------------------------------------------------------------
Start Renaming Generated Nets
---------------------------------------------------------------------------------
---------------------------------------------------------------------------------
Finished Renaming Generated Nets : Time (s): cpu = 00:00:20 ; elapsed = 00:00:20 . Memory (MB): peak = 1348.156 ; gain = 18.883
---------------------------------------------------------------------------------
---------------------------------------------------------------------------------
Start Writing Synthesis Report
---------------------------------------------------------------------------------

Report BlackBoxes: 
+-+--------------+----------+
| |BlackBox name |Instances |
+-+--------------+----------+
+-+--------------+----------+

Report Cell Usage: 
+------+-------+------+
|      |Cell   |Count |
+------+-------+------+
|1     |BUFG   |     1|
|2     |CARRY4 |    12|
|3     |LUT1   |     3|
|4     |LUT2   |     4|
|5     |LUT5   |     3|
|6     |FDCE   |    43|
|7     |IBUF   |     2|
|8     |OBUF   |    16|
+------+-------+------+
---------------------------------------------------------------------------------
Finished Writing Synthesis Report : Time (s): cpu = 00:00:20 ; elapsed = 00:00:20 . Memory (MB): peak = 1348.156 ; gain = 18.883
---------------------------------------------------------------------------------
Synthesis finished with 0 errors, 0 critical warnings and 0 warnings.
Synthesis Optimization Runtime : Time (s): cpu = 00:00:13 ; elapsed = 00:00:19 . Memory (MB): peak = 1348.156 ; gain = 11.289
Synthesis Optimization Complete : Time (s): cpu = 00:00:20 ; elapsed = 00:00:21 . Memory (MB): peak = 1348.156 ; gain = 18.883
INFO: [Project 1-571] Translating synthesized netlist
Netlist sorting complete. Time (s): cpu = 00:00:00 ; elapsed = 00:00:00 . Memory (MB): peak = 1360.191 ; gain = 0.000
INFO: [Netlist 29-17] Analyzing 12 Unisim elements for replacement
INFO: [Netlist 29-28] Unisim Transformation completed in 0 CPU seconds
INFO: [Project 1-570] Preparing netlist for logic optimization
INFO: [Opt 31-138] Pushed 0 inverter(s) to 0 load pin(s).
Netlist sorting complete. Time (s): cpu = 00:00:00 ; elapsed = 00:00:00 . Memory (MB): peak = 1371.059 ; gain = 0.000
INFO: [Project 1-111] Unisim Transformation Summary:
No Unisim elements were transformed.

Synth Design complete, checksum: 2c590875
INFO: [Common 17-83] Releasing license: Synthesis
26 Infos, 103 Warnings, 112 Critical Warnings and 0 Errors encountered.
synth_design completed successfully
synth_design: Time (s): cpu = 00:00:24 ; elapsed = 00:00:25 . Memory (MB): peak = 1371.059 ; gain = 41.785
INFO: [runtcl-6] Synthesis results are not added to the cache due to CRITICAL_WARNING
INFO: [Common 17-1381] The checkpoint 'C:/Users/jordan_cook2/lucky_charm/lucky_charm.runs/synth_1/main.dcp' has been generated.
INFO: [runtcl-4] Executing : report_utilization -file main_utilization_synth.rpt -pb main_utilization_synth.pb
INFO: [Common 17-206] Exiting Vivado at Thu Sep  9 16:32:37 2021...
